<?xml version="1.0" encoding="UTF-8"?>
<testng-results ignored="0" total="1" passed="1" failed="0" skipped="0">
  <reporter-output>
  </reporter-output>
  <suite started-at="2023-08-28T16:14:54 IST" name="Default suite" finished-at="2023-08-28T16:15:56 IST" duration-ms="61411">
    <groups>
    </groups>
    <test started-at="2023-08-28T16:14:54 IST" name="Default test" finished-at="2023-08-28T16:15:56 IST" duration-ms="61411">
      <class name="com.pages.TestNG_Executor">
        <test-method signature="f()[pri:0, instance:com.pages.TestNG_Executor@393671df]" started-at="2023-08-28T16:14:54 IST" name="f" finished-at="2023-08-28T16:15:56 IST" duration-ms="61382" status="PASS">
          <reporter-output>
          </reporter-output>
        </test-method> <!-- f -->
      </class> <!-- com.pages.TestNG_Executor -->
    </test> <!-- Default test -->
  </suite> <!-- Default suite -->
</testng-results>
